<?xml version="1.0" encoding="UTF-8"?>
<testng-results skipped="0" failed="0" total="1" passed="1">
  <reporter-output>
  </reporter-output>
  <suite name="BDD Test Suite" duration-ms="8793" started-at="2020-04-05T13:56:43Z" finished-at="2020-04-05T13:56:52Z">
    <groups>
      <group name="cucumber">
        <method signature="TestRunner.feature(cucumber.api.testng.CucumberFeatureWrapper)[pri:0, instance:runner.TestRunner@3b81a1bc]" name="feature" class="runner.TestRunner"/>
      </group> <!-- cucumber -->
    </groups>
    <test name="Selenium Test" duration-ms="8793" started-at="2020-04-05T13:56:43Z" finished-at="2020-04-05T13:56:52Z">
      <class name="runner.TestRunner">
        <test-method status="PASS" signature="setUpClass()[pri:0, instance:runner.TestRunner@3b81a1bc]" name="setUpClass" is-config="true" duration-ms="280" started-at="2020-04-05T15:56:43Z" finished-at="2020-04-05T15:56:43Z">
          <reporter-output>
          </reporter-output>
        </test-method> <!-- setUpClass -->
        <test-method status="PASS" signature="feature(cucumber.api.testng.CucumberFeatureWrapper)[pri:0, instance:runner.TestRunner@3b81a1bc]" name="feature" duration-ms="8389" started-at="2020-04-05T15:56:43Z" description="Runs Cucumber Feature" data-provider="features" finished-at="2020-04-05T15:56:52Z">
          <params>
            <param index="0">
              <value>
                <![CDATA[Input Forms]]>
              </value>
            </param>
          </params>
          <reporter-output>
          </reporter-output>
        </test-method> <!-- feature -->
        <test-method status="PASS" signature="tearDownClass()[pri:0, instance:runner.TestRunner@3b81a1bc]" name="tearDownClass" is-config="true" duration-ms="33" started-at="2020-04-05T15:56:52Z" finished-at="2020-04-05T15:56:52Z">
          <reporter-output>
          </reporter-output>
        </test-method> <!-- tearDownClass -->
      </class> <!-- runner.TestRunner -->
    </test> <!-- Selenium Test -->
  </suite> <!-- BDD Test Suite -->
</testng-results>
